[2025-05-04T08:26:32.379Z] [INFO] Server application starting
[2025-05-04T08:26:32.389Z] [INFO] Server running at http://localhost:3000
[2025-05-04T08:26:33.993Z] [INFO] Ngrok URL created: https://b013-196-136-198-110.ngrok-free.app
[2025-05-04T08:30:10.020Z] [INFO] GET /images called
[2025-05-04T08:30:10.021Z] [INFO] GET /descriptions called
[2025-05-04T08:30:10.022Z] [INFO] Fetching images from Cloudinary
[2025-05-04T08:30:10.067Z] [INFO] Loaded descriptions file with 3 entries
[2025-05-04T08:30:11.034Z] [INFO] Successfully fetched 3 images
[2025-05-04T08:30:12.378Z] [INFO] GET /images called
[2025-05-04T08:30:12.378Z] [INFO] GET /descriptions called
[2025-05-04T08:30:12.379Z] [INFO] Fetching images from Cloudinary
[2025-05-04T08:30:12.381Z] [INFO] Loaded descriptions file with 3 entries
[2025-05-04T08:30:12.630Z] [INFO] Successfully fetched 3 images
[2025-05-04T08:30:13.142Z] [INFO] GET /images called
[2025-05-04T08:30:13.143Z] [INFO] GET /descriptions called
[2025-05-04T08:30:13.145Z] [INFO] Fetching images from Cloudinary
[2025-05-04T08:30:13.148Z] [INFO] Loaded descriptions file with 3 entries
[2025-05-04T08:30:13.405Z] [INFO] Successfully fetched 3 images
[2025-05-04T08:30:13.573Z] [INFO] GET /images called
[2025-05-04T08:30:13.575Z] [INFO] GET /descriptions called
[2025-05-04T08:30:13.577Z] [INFO] Fetching images from Cloudinary
[2025-05-04T08:30:13.588Z] [INFO] Loaded descriptions file with 3 entries
[2025-05-04T08:30:13.896Z] [INFO] Successfully fetched 3 images
[2025-05-04T08:30:14.721Z] [INFO] GET /images called
[2025-05-04T08:30:14.723Z] [INFO] GET /descriptions called
[2025-05-04T08:30:14.728Z] [INFO] Fetching images from Cloudinary
[2025-05-04T08:30:14.738Z] [INFO] Loaded descriptions file with 3 entries
[2025-05-04T08:30:15.136Z] [INFO] GET /descriptions called
[2025-05-04T08:30:15.143Z] [INFO] Loaded descriptions file with 3 entries
[2025-05-04T08:30:15.183Z] [INFO] Successfully fetched 3 images
[2025-05-04T08:30:15.212Z] [INFO] GET /images called
[2025-05-04T08:30:15.214Z] [INFO] Fetching images from Cloudinary
[2025-05-04T08:30:15.497Z] [INFO] Successfully fetched 3 images
[2025-05-04T08:30:23.383Z] [INFO] GET /images called
[2025-05-04T08:30:23.383Z] [INFO] GET /descriptions called
[2025-05-04T08:30:23.384Z] [INFO] Fetching images from Cloudinary
[2025-05-04T08:30:23.388Z] [INFO] Loaded descriptions file with 3 entries
[2025-05-04T08:30:24.690Z] [INFO] GET /descriptions called
[2025-05-04T08:30:24.692Z] [INFO] Loaded descriptions file with 3 entries
[2025-05-04T08:30:55.118Z] [INFO] Server application starting
[2025-05-04T08:30:55.128Z] [INFO] Server running at http://localhost:3000
[2025-05-04T08:30:56.796Z] [INFO] Ngrok URL created: https://bb1f-196-136-198-110.ngrok-free.app
[2025-05-04T08:31:11.093Z] [INFO] GET /images called
[2025-05-04T08:31:11.094Z] [INFO] GET /descriptions called
[2025-05-04T08:31:11.095Z] [INFO] Fetching images from Cloudinary
[2025-05-04T08:31:11.148Z] [INFO] Loaded descriptions file with 3 entries
[2025-05-04T08:31:12.258Z] [INFO] Successfully fetched 3 images
[2025-05-04T08:35:32.639Z] [INFO] Server application starting
[2025-05-04T08:35:32.649Z] [INFO] Server running at http://localhost:3000
[2025-05-04T08:35:34.048Z] [INFO] Ngrok URL created: https://4016-196-136-198-110.ngrok-free.app
[2025-05-04T08:35:52.775Z] [INFO] GET /images called
[2025-05-04T08:35:52.777Z] [INFO] Fetching images from Cloudinary
[2025-05-04T08:35:52.888Z] [INFO] GET /descriptions called
[2025-05-04T08:35:52.890Z] [INFO] Loaded descriptions file with 3 entries
[2025-05-04T08:35:54.270Z] [INFO] Successfully fetched 3 images
[2025-05-04T08:36:06.733Z] [INFO] POST /upload called
[2025-05-04T08:36:06.734Z] [INFO] Upload request: color=User Photo, garmentType=Photo, folder=VirtualTryOn_UserPhotos, files=1
[2025-05-04T08:36:07.702Z] [INFO] Uploading image to Cloudinary: folder=VirtualTryOn_UserPhotos, publicId=vton_image_1746347767702
[2025-05-04T08:36:08.895Z] [INFO] Image uploaded successfully: VirtualTryOn_UserPhotos/vton_image_1746347767702
[2025-05-04T08:36:08.901Z] [INFO] All 1 images uploaded successfully
[2025-05-04T08:36:08.907Z] [INFO] Upload process completed successfully
[2025-05-04T08:36:10.059Z] [INFO] Received 10 client logs
[2025-05-04T08:36:10.061Z] [INFO] Saved 10 client logs to file
[2025-05-04T08:36:11.769Z] [INFO] POST /tryon called
[2025-05-04T08:36:11.770Z] [INFO] Try-on request received: category=upper_body, has_api_key=true, has_human=true, has_garment=true
[2025-05-04T08:36:11.772Z] [INFO] Created new job with ID: 76b0606d-1edf-4f3d-bd9c-a9584ddc57fa
[2025-05-04T08:36:11.773Z] [INFO] Using webhook URL: https://4016-196-136-198-110.ngrok-free.app/webhook?job_id=76b0606d-1edf-4f3d-bd9c-a9584ddc57fa
[2025-05-04T08:36:11.774Z] [INFO] Sending request to Artificial Studio API
[2025-05-04T08:36:12.746Z] [INFO] Received response from Artificial Studio with job ID: 681726fd5f7c08377e12a820
[2025-05-04T08:36:12.748Z] [INFO] Started background polling for job 76b0606d-1edf-4f3d-bd9c-a9584ddc57fa
[2025-05-04T08:36:22.757Z] [INFO] Polling attempt 1 for job 76b0606d-1edf-4f3d-bd9c-a9584ddc57fa
[2025-05-04T08:36:23.141Z] [WARN] Failed to poll job status: 404
[2025-05-04T08:36:33.154Z] [INFO] Polling attempt 2 for job 76b0606d-1edf-4f3d-bd9c-a9584ddc57fa
[2025-05-04T08:36:33.636Z] [WARN] Failed to poll job status: 404
[2025-05-04T08:36:43.655Z] [INFO] Polling attempt 3 for job 76b0606d-1edf-4f3d-bd9c-a9584ddc57fa
[2025-05-04T08:36:44.061Z] [WARN] Failed to poll job status: 404
[2025-05-04T08:36:54.075Z] [INFO] Job 76b0606d-1edf-4f3d-bd9c-a9584ddc57fa already completed, stopping polling
[2025-05-04T08:39:28.762Z] [INFO] Server application starting
[2025-05-04T08:39:28.771Z] [INFO] Server running at http://localhost:3000
[2025-05-04T08:39:50.052Z] [ERROR] Error starting ngrok: ngrok is not yet ready to start tunnels
[2025-05-04T08:39:59.447Z] [INFO] Server application starting
[2025-05-04T08:39:59.456Z] [INFO] Server running at http://localhost:3000
[2025-05-04T08:40:07.706Z] [INFO] Ngrok URL created: https://d432-196-136-198-110.ngrok-free.app
[2025-05-04T08:40:39.719Z] [INFO] GET /descriptions called
[2025-05-04T08:40:39.722Z] [INFO] Loaded descriptions file with 3 entries
[2025-05-04T08:40:40.095Z] [INFO] GET /images called
[2025-05-04T08:40:40.096Z] [INFO] Fetching images from Cloudinary
[2025-05-04T08:40:41.215Z] [INFO] Successfully fetched 3 images
[2025-05-04T08:41:50.844Z] [INFO] GET /descriptions called
[2025-05-04T08:41:50.853Z] [INFO] Loaded descriptions file with 3 entries
[2025-05-04T08:41:50.929Z] [INFO] GET /images called
[2025-05-04T08:41:50.930Z] [INFO] Fetching images from Cloudinary
[2025-05-04T08:41:51.603Z] [INFO] Successfully fetched 3 images
[2025-05-04T08:42:20.824Z] [INFO] Server application starting
[2025-05-04T08:42:20.832Z] [INFO] Server running at http://localhost:3000
[2025-05-04T08:42:31.076Z] [ERROR] Error starting ngrok: failed to start tunnel
[2025-05-04T08:42:40.073Z] [INFO] Server application starting
[2025-05-04T08:42:40.083Z] [INFO] Server running at http://localhost:3000
[2025-05-04T08:42:50.155Z] [ERROR] Error starting ngrok: failed to start tunnel
[2025-05-04T08:43:05.370Z] [INFO] Server application starting
[2025-05-04T08:43:05.379Z] [INFO] Server running at http://localhost:3000
[2025-05-04T08:43:15.563Z] [ERROR] Error starting ngrok: failed to start tunnel
[2025-05-04T08:43:26.476Z] [INFO] Server application starting
[2025-05-04T08:43:26.491Z] [INFO] Server running at http://localhost:3000
[2025-05-04T08:43:26.831Z] [ERROR] Error starting ngrok: failed to start tunnel
[2025-05-04T08:45:24.310Z] [INFO] Server application starting
[2025-05-04T08:45:24.323Z] [INFO] Server running at http://localhost:3000
[2025-05-04T08:45:33.460Z] [INFO] Ngrok URL created: https://09cd-196-136-198-110.ngrok-free.app
[2025-05-04T08:50:15.953Z] [INFO] Server application starting
[2025-05-04T08:50:15.963Z] [INFO] Server running at http://localhost:3000
[2025-05-04T08:50:17.343Z] [INFO] Ngrok URL created: https://0baa-196-136-198-110.ngrok-free.app
